build/outputs/logs/manifest-merger-debug-report.txt
-- Merging decision tree log ---
manifest
ADDED from src\main\AndroidManifest.xml:2:1-127:12
	package
		ADDED from src\main\AndroidManifest.xml:3:5-49
		INJECTED from src\main\AndroidManifest.xml
		INJECTED from src\main\AndroidManifest.xml
	android:sharedUserId
		ADDED from src\main\AndroidManifest.xml:6:5-46
	android:versionName
		ADDED from src\main\AndroidManifest.xml:5:5-32
		INJECTED from src\main\AndroidManifest.xml
		INJECTED from src\main\AndroidManifest.xml
	android:versionCode
		ADDED from src\main\AndroidManifest.xml:4:5-30
		INJECTED from src\main\AndroidManifest.xml
		INJECTED from src\main\AndroidManifest.xml
	xmlns:android
		ADDED from src\main\AndroidManifest.xml:2:11-69
uses-sdk
ADDED from src\main\AndroidManifest.xml:8:5-10:41
	android:targetSdkVersion
		ADDED from src\main\AndroidManifest.xml:10:9-38
		INJECTED from src\main\AndroidManifest.xml
		INJECTED from src\main\AndroidManifest.xml
	android:minSdkVersion
		ADDED from src\main\AndroidManifest.xml:9:9-35
		INJECTED from src\main\AndroidManifest.xml
		INJECTED from src\main\AndroidManifest.xml
uses-permission#android.permission.WRITE_SETTINGS
ADDED from src\main\AndroidManifest.xml:12:5-73
	android:name
		ADDED from src\main\AndroidManifest.xml:12:22-70
uses-permission#android.permission.WRITE_SECURE_SETTINGS
ADDED from src\main\AndroidManifest.xml:13:5-80
	android:name
		ADDED from src\main\AndroidManifest.xml:13:22-77
uses-permission#android.permission.BIND_INPUT_METHOD
ADDED from src\main\AndroidManifest.xml:14:5-76
	android:name
		ADDED from src\main\AndroidManifest.xml:14:22-73
uses-permission#android.permission.INTERNET
ADDED from src\main\AndroidManifest.xml:15:5-67
	android:name
		ADDED from src\main\AndroidManifest.xml:15:22-64
uses-permission#android.permission.ACCESS_NETWORK_STATE
ADDED from src\main\AndroidManifest.xml:16:5-79
	android:name
		ADDED from src\main\AndroidManifest.xml:16:22-76
uses-permission#android.permission.WRITE_EXTERNAL_STORAGE
ADDED from src\main\AndroidManifest.xml:17:5-81
	android:name
		ADDED from src\main\AndroidManifest.xml:17:22-78
uses-permission#android.permission.READ_EXTERNAL_STORAGE
ADDED from src\main\AndroidManifest.xml:18:5-80
	android:name
		ADDED from src\main\AndroidManifest.xml:18:22-77
uses-permission#android.permission.MOUNT_UNMOUNT_FILESYSTEMS
ADDED from src\main\AndroidManifest.xml:19:5-84
	android:name
		ADDED from src\main\AndroidManifest.xml:19:22-81
uses-permission#android.permission.CHANGE_CONFIGURATION
ADDED from src\main\AndroidManifest.xml:21:5-79
	android:name
		ADDED from src\main\AndroidManifest.xml:21:22-76
uses-permission#android.permission.CHANGE_WIFI_MULTICAST_STATE
ADDED from src\main\AndroidManifest.xml:22:5-86
	android:name
		ADDED from src\main\AndroidManifest.xml:22:22-83
uses-permission#android.permission.SET_TIME_ZONE
ADDED from src\main\AndroidManifest.xml:23:5-72
	android:name
		ADDED from src\main\AndroidManifest.xml:23:22-69
uses-permission#android.permission.ACCESS_WIFI_STATE
ADDED from src\main\AndroidManifest.xml:24:5-76
	android:name
		ADDED from src\main\AndroidManifest.xml:24:22-73
uses-permission#android.permission.INSTALL_PACKAGES
ADDED from src\main\AndroidManifest.xml:25:5-75
	android:name
		ADDED from src\main\AndroidManifest.xml:25:22-72
uses-permission#android.permission.ACCESS_SURFACE_FLINGER
ADDED from src\main\AndroidManifest.xml:26:5-81
	android:name
		ADDED from src\main\AndroidManifest.xml:26:22-78
uses-permission#android.permission.RECEIVE_BOOT_COMPLETED
ADDED from src\main\AndroidManifest.xml:27:5-81
	android:name
		ADDED from src\main\AndroidManifest.xml:27:22-78
uses-permission#android.permission.GET_TASKS
ADDED from src\main\AndroidManifest.xml:28:5-68
	android:name
		ADDED from src\main\AndroidManifest.xml:28:22-65
uses-permission#android.permission.KILL_BACKGROUND_PROCESSES
ADDED from src\main\AndroidManifest.xml:29:5-84
	android:name
		ADDED from src\main\AndroidManifest.xml:29:22-81
uses-permission#android.permission.MASTER_CLEAR
ADDED from src\main\AndroidManifest.xml:31:5-71
	android:name
		ADDED from src\main\AndroidManifest.xml:31:22-68
uses-permission#android.permission.CHANGE_WIFI_STATE
ADDED from src\main\AndroidManifest.xml:32:5-76
	android:name
		ADDED from src\main\AndroidManifest.xml:32:22-73
uses-permission#android.permission.CALL_PHONE
ADDED from src\main\AndroidManifest.xml:33:5-69
	android:name
		ADDED from src\main\AndroidManifest.xml:33:22-66
uses-permission#android.permission.WAKE_LOCK
ADDED from src\main\AndroidManifest.xml:34:5-68
	android:name
		ADDED from src\main\AndroidManifest.xml:34:22-65
uses-permission#android.permission.DEVICE_POWER
ADDED from src\main\AndroidManifest.xml:36:5-71
	android:name
		ADDED from src\main\AndroidManifest.xml:36:22-68
uses-permission#android.permission.REBOOT
ADDED from src\main\AndroidManifest.xml:37:5-65
	android:name
		ADDED from src\main\AndroidManifest.xml:37:22-62
uses-permission#android.permission.BROADCAST_STICKY
ADDED from src\main\AndroidManifest.xml:38:5-75
	android:name
		ADDED from src\main\AndroidManifest.xml:38:22-72
uses-permission#android.permission.CHANGE_NETWORK_STATE
ADDED from src\main\AndroidManifest.xml:39:5-79
	android:name
		ADDED from src\main\AndroidManifest.xml:39:22-76
uses-permission#android.permission.SYSTEM_ALERT_WINDOW
ADDED from src\main\AndroidManifest.xml:40:5-78
	android:name
		ADDED from src\main\AndroidManifest.xml:40:22-75
uses-permission#android.permission.INSTALL_LOCATION_PROVIDER
ADDED from src\main\AndroidManifest.xml:41:5-84
	android:name
		ADDED from src\main\AndroidManifest.xml:41:22-81
uses-permission#android.permission.ACCESS_CACHE_FILESYSTEM
ADDED from src\main\AndroidManifest.xml:42:5-82
	android:name
		ADDED from src\main\AndroidManifest.xml:42:22-79
permission#com.amt.iptvdata.write.permisson
ADDED from src\main\AndroidManifest.xml:44:5-46:44
	android:protectionLevel
		ADDED from src\main\AndroidManifest.xml:46:9-41
	android:name
		ADDED from src\main\AndroidManifest.xml:45:9-56
application
ADDED from src\main\AndroidManifest.xml:47:5-125:19
	android:label
		ADDED from src\main\AndroidManifest.xml:50:9-41
	android:allowBackup
		ADDED from src\main\AndroidManifest.xml:48:9-35
	android:icon
		ADDED from src\main\AndroidManifest.xml:49:9-38
	android:persistent
		ADDED from src\main\AndroidManifest.xml:51:9-34
	android:theme
		ADDED from src\main\AndroidManifest.xml:53:9-73
	android:name
		ADDED from src\main\AndroidManifest.xml:52:9-43
activity#com.amt.app.IPTVActivity
ADDED from src\main\AndroidManifest.xml:55:9-80:20
	android:label
		ADDED from src\main\AndroidManifest.xml:58:13-45
	android:launchMode
		ADDED from src\main\AndroidManifest.xml:59:13-44
	android:windowSoftInputMode
		ADDED from src\main\AndroidManifest.xml:61:13-52
	android:alwaysRetainTaskState
		ADDED from src\main\AndroidManifest.xml:57:13-49
	android:theme
		ADDED from src\main\AndroidManifest.xml:60:13-71
	android:name
		ADDED from src\main\AndroidManifest.xml:56:13-52
intent-filter#android.intent.action.MAIN+android.intent.category.DEFAULT+android.intent.category.HOME+android.intent.category.LAUNCHER+android.intent.category.MONKEY
ADDED from src\main\AndroidManifest.xml:63:13-72:29
action#android.intent.action.MAIN
ADDED from src\main\AndroidManifest.xml:64:17-69
	android:name
		ADDED from src\main\AndroidManifest.xml:64:25-66
category#android.intent.category.LAUNCHER
ADDED from src\main\AndroidManifest.xml:66:17-77
	android:name
		ADDED from src\main\AndroidManifest.xml:66:27-74
category#android.intent.category.HOME
ADDED from src\main\AndroidManifest.xml:69:17-73
	android:name
		ADDED from src\main\AndroidManifest.xml:69:27-70
category#android.intent.category.DEFAULT
ADDED from src\main\AndroidManifest.xml:70:17-76
	android:name
		ADDED from src\main\AndroidManifest.xml:70:27-73
category#android.intent.category.MONKEY
ADDED from src\main\AndroidManifest.xml:71:17-75
	android:name
		ADDED from src\main\AndroidManifest.xml:71:27-72
intent-filter#CTC_IPTV_GUIDE+android.intent.category.DEFAULT+com.android.ctc.iptv+com.android.smart.terminal.iptv
ADDED from src\main\AndroidManifest.xml:73:13-79:29
action#CTC_IPTV_GUIDE
ADDED from src\main\AndroidManifest.xml:74:17-57
	android:name
		ADDED from src\main\AndroidManifest.xml:74:25-54
action#com.android.ctc.iptv
ADDED from src\main\AndroidManifest.xml:75:17-63
	android:name
		ADDED from src\main\AndroidManifest.xml:75:25-60
action#com.android.smart.terminal.iptv
ADDED from src\main\AndroidManifest.xml:76:17-74
	android:name
		ADDED from src\main\AndroidManifest.xml:76:25-71
activity#com.amt.utils.DebugActivity
ADDED from src\main\AndroidManifest.xml:81:9-86:20
	android:name
		ADDED from src\main\AndroidManifest.xml:81:19-61
intent-filter#AmtIptvDebug+android.intent.category.DEFAULT
ADDED from src\main\AndroidManifest.xml:82:13-85:29
action#AmtIptvDebug
ADDED from src\main\AndroidManifest.xml:83:17-55
	android:name
		ADDED from src\main\AndroidManifest.xml:83:25-52
provider#com.amt.amtdata.dataI.STBContentProvider
ADDED from src\main\AndroidManifest.xml:87:9-92:20
	android:authorities
		ADDED from src\main\AndroidManifest.xml:89:13-44
	android:exported
		ADDED from src\main\AndroidManifest.xml:90:13-36
	android:name
		ADDED from src\main\AndroidManifest.xml:88:13-68
service#com.amt.amtdata.dataI.AmtDataAIdlService
ADDED from src\main\AndroidManifest.xml:94:9-98:19
	android:name
		ADDED from src\main\AndroidManifest.xml:94:18-73
intent-filter#com.amt.dataservice
ADDED from src\main\AndroidManifest.xml:95:13-97:29
action#com.amt.dataservice
ADDED from src\main\AndroidManifest.xml:96:17-62
	android:name
		ADDED from src\main\AndroidManifest.xml:96:25-59
service#com.amt.auth.AuthenticationService
ADDED from src\main\AndroidManifest.xml:99:9-103:19
	android:name
		ADDED from src\main\AndroidManifest.xml:99:18-67
intent-filter#com.amt.authservice
ADDED from src\main\AndroidManifest.xml:100:13-102:29
action#com.amt.authservice
ADDED from src\main\AndroidManifest.xml:101:17-62
	android:name
		ADDED from src\main\AndroidManifest.xml:101:25-59
service#com.amt.amtdata.dataI.ServiceCfgService
ADDED from src\main\AndroidManifest.xml:105:9-110:19
	android:exported
		ADDED from src\main\AndroidManifest.xml:106:13-36
	android:name
		ADDED from src\main\AndroidManifest.xml:105:18-72
intent-filter#com.android.smart.terminal.iptv.aidl.ServiceCfg
ADDED from src\main\AndroidManifest.xml:107:13-109:29
action#com.android.smart.terminal.iptv.aidl.ServiceCfg
ADDED from src\main\AndroidManifest.xml:108:17-90
	android:name
		ADDED from src\main\AndroidManifest.xml:108:25-87
receiver#com.amt.utils.UsbBroadcastReceiver
ADDED from src\main\AndroidManifest.xml:111:9-117:20
	android:name
		ADDED from src\main\AndroidManifest.xml:111:19-68
intent-filter#android.hardware.usb.action.USB_DEVICE_ATTACHED+android.hardware.usb.action.USB_DEVICE_DETACHED+android.hardware.usb.action.USB_STATE
ADDED from src\main\AndroidManifest.xml:112:13-116:29
	android:priority
		ADDED from src\main\AndroidManifest.xml:112:28-51
action#android.hardware.usb.action.USB_STATE
ADDED from src\main\AndroidManifest.xml:113:17-79
	android:name
		ADDED from src\main\AndroidManifest.xml:113:25-77
action#android.hardware.usb.action.USB_DEVICE_ATTACHED
ADDED from src\main\AndroidManifest.xml:114:17-89
	android:name
		ADDED from src\main\AndroidManifest.xml:114:25-87
action#android.hardware.usb.action.USB_DEVICE_DETACHED
ADDED from src\main\AndroidManifest.xml:115:17-89
	android:name
		ADDED from src\main\AndroidManifest.xml:115:25-87
service#com.amt.utils.IptvResidentService
ADDED from src\main\AndroidManifest.xml:118:9-122:19
	android:exported
		ADDED from src\main\AndroidManifest.xml:120:13-37
	android:name
		ADDED from src\main\AndroidManifest.xml:119:13-61